-------------------------------------------------------------------------------
Test set: com.tpl.kafkaconsumermaster.KafkaconsumerMasterApplicationTests
-------------------------------------------------------------------------------
Tests run: 1, Failures: 0, Errors: 1, Skipped: 0, Time elapsed: 0.451 s <<< FAILURE! - in com.tpl.kafkaconsumermaster.KafkaconsumerMasterApplicationTests
contextLoads  Time elapsed: 0.002 s  <<< ERROR!
java.lang.NoClassDefFoundError: org/springframework/boot/ApplicationContextFactory
Caused by: java.lang.ClassNotFoundException: org.springframework.boot.ApplicationContextFactory

